SF:lib/src/open_meteo_api_client.dart
DA:21,2
DA:29,1
DA:30,1
DA:33,1
DA:36,2
DA:40,2
DA:41,1
DA:44,1
DA:46,2
DA:48,1
DA:50,2
DA:52,2
DA:56,1
DA:60,2
DA:61,1
DA:62,1
DA:66,2
DA:70,3
DA:72,1
DA:74,1
DA:75,1
DA:78,1
DA:80,1
LF:23
LH:23
end_of_record
SF:lib/src/models/location.dart
DA:2,2
DA:9,2
DA:10,2
DA:11,2
DA:12,2
DA:13,2
DA:14,2
DA:23,1
DA:29,1
DA:30,1
DA:31,1
DA:32,1
DA:33,1
DA:37,1
DA:41,3
DA:42,3
DA:43,3
DA:44,3
DA:47,1
DA:49,11
LF:20
LH:20
end_of_record
SF:lib/src/models/weather.dart
DA:2,2
DA:7,2
DA:8,2
DA:9,2
DA:10,4
DA:17,1
DA:21,1
DA:22,1
DA:23,1
DA:27,1
DA:31,6
DA:34,1
DA:35,5
LF:13
LH:13
end_of_record
