SF:lib/common/enum/temperature_units_enum.dart
DA:5,2
DA:7,2
LF:2
LH:2
end_of_record
SF:lib/common/helper/celsius_fahrenheit_helper.dart
DA:2,4
DA:4,4
LF:2
LH:2
end_of_record
SF:lib/common/helper/weather_condition_helper.dart
DA:5,1
DA:6,2
DA:7,1
DA:9,1
DA:10,1
DA:11,1
DA:12,1
DA:13,1
DA:15,1
DA:16,1
DA:17,1
DA:18,1
DA:19,1
DA:20,1
DA:21,1
DA:22,1
DA:23,1
DA:24,1
DA:25,1
DA:26,1
DA:27,1
DA:28,1
DA:29,1
DA:30,1
DA:32,1
DA:33,1
DA:34,1
DA:35,1
DA:36,1
DA:37,1
LF:30
LH:30
end_of_record
SF:lib/feature/weather/provider/weather_provider.dart
DA:10,1
DA:13,1
DA:14,1
DA:20,1
DA:21,1
DA:23,1
DA:24,3
DA:27,1
DA:28,1
DA:29,1
DA:30,3
DA:31,1
DA:32,1
DA:36,1
DA:37,1
DA:38,2
DA:39,1
DA:40,1
DA:41,1
DA:42,1
DA:43,1
DA:48,3
DA:51,3
DA:55,1
DA:56,4
DA:59,1
DA:60,4
DA:61,4
DA:63,2
DA:64,3
DA:72,3
DA:74,1
DA:75,1
DA:76,2
DA:77,1
DA:78,2
DA:79,1
DA:80,1
DA:81,1
DA:85,1
DA:86,1
DA:88,2
LF:42
LH:42
end_of_record
SF:lib/feature/weather/provider/weather_state.dart
DA:7,2
DA:21,2
DA:28,2
DA:29,2
DA:30,2
DA:31,2
DA:32,1
DA:33,1
DA:37,2
DA:41,3
DA:42,3
DA:43,3
DA:44,3
DA:45,3
DA:48,1
DA:50,3
DA:51,3
DA:52,3
DA:53,3
DA:54,2
LF:20
LH:20
end_of_record
SF:lib/feature/weather/repository/weather_repository.dart
DA:4,2
DA:6,2
DA:10,2
DA:11,4
DA:14,1
DA:18,2
LF:6
LH:6
end_of_record
